{"total": {"lines":{"total":68,"covered":49,"skipped":0,"pct":72.05},"statements":{"total":69,"covered":49,"skipped":0,"pct":71.01},"functions":{"total":11,"covered":8,"skipped":0,"pct":72.72},"branches":{"total":26,"covered":14,"skipped":0,"pct":53.84},"branchesTrue":{"total":0,"covered":0,"skipped":0,"pct":100}}
,"/home/Leonardo/Documentos/Programador/Projetos/sd-029-a-project-trybesmith/src/controllers/login.Controllers.ts": {"lines":{"total":10,"covered":10,"skipped":0,"pct":100},"functions":{"total":1,"covered":1,"skipped":0,"pct":100},"statements":{"total":10,"covered":10,"skipped":0,"pct":100},"branches":{"total":2,"covered":2,"skipped":0,"pct":100}}
,"/home/Leonardo/Documentos/Programador/Projetos/sd-029-a-project-trybesmith/src/controllers/orders.Controllers.ts": {"lines":{"total":6,"covered":6,"skipped":0,"pct":100},"functions":{"total":1,"covered":1,"skipped":0,"pct":100},"statements":{"total":6,"covered":6,"skipped":0,"pct":100},"branches":{"total":0,"covered":0,"skipped":0,"pct":100}}
,"/home/Leonardo/Documentos/Programador/Projetos/sd-029-a-project-trybesmith/src/controllers/products.Controllers.ts": {"lines":{"total":12,"covered":9,"skipped":0,"pct":75},"functions":{"total":2,"covered":2,"skipped":0,"pct":100},"statements":{"total":12,"covered":9,"skipped":0,"pct":75},"branches":{"total":2,"covered":1,"skipped":0,"pct":50}}
,"/home/Leonardo/Documentos/Programador/Projetos/sd-029-a-project-trybesmith/src/routes/login.Routes.ts": {"lines":{"total":2,"covered":0,"skipped":0,"pct":0},"functions":{"total":0,"covered":0,"skipped":0,"pct":100},"statements":{"total":2,"covered":0,"skipped":0,"pct":0},"branches":{"total":0,"covered":0,"skipped":0,"pct":100}}
,"/home/Leonardo/Documentos/Programador/Projetos/sd-029-a-project-trybesmith/src/routes/orders.Routes.ts": {"lines":{"total":2,"covered":0,"skipped":0,"pct":0},"functions":{"total":0,"covered":0,"skipped":0,"pct":100},"statements":{"total":2,"covered":0,"skipped":0,"pct":0},"branches":{"total":0,"covered":0,"skipped":0,"pct":100}}
,"/home/Leonardo/Documentos/Programador/Projetos/sd-029-a-project-trybesmith/src/routes/products.Routes.ts": {"lines":{"total":4,"covered":0,"skipped":0,"pct":0},"functions":{"total":0,"covered":0,"skipped":0,"pct":100},"statements":{"total":4,"covered":0,"skipped":0,"pct":0},"branches":{"total":0,"covered":0,"skipped":0,"pct":100}}
,"/home/Leonardo/Documentos/Programador/Projetos/sd-029-a-project-trybesmith/src/services/login.Services.ts": {"lines":{"total":16,"covered":12,"skipped":0,"pct":75},"functions":{"total":2,"covered":2,"skipped":0,"pct":100},"statements":{"total":16,"covered":12,"skipped":0,"pct":75},"branches":{"total":16,"covered":11,"skipped":0,"pct":68.75}}
,"/home/Leonardo/Documentos/Programador/Projetos/sd-029-a-project-trybesmith/src/services/orders.Services.ts": {"lines":{"total":9,"covered":5,"skipped":0,"pct":55.55},"functions":{"total":3,"covered":0,"skipped":0,"pct":0},"statements":{"total":10,"covered":5,"skipped":0,"pct":50},"branches":{"total":6,"covered":0,"skipped":0,"pct":0}}
,"/home/Leonardo/Documentos/Programador/Projetos/sd-029-a-project-trybesmith/src/services/products.Service.ts": {"lines":{"total":7,"covered":7,"skipped":0,"pct":100},"functions":{"total":2,"covered":2,"skipped":0,"pct":100},"statements":{"total":7,"covered":7,"skipped":0,"pct":100},"branches":{"total":0,"covered":0,"skipped":0,"pct":100}}
}
